<?xml version="1.0" encoding="UTF-8"?>
<testsuite xmlns:xsi="http://www.w3.org/2001/XMLSchema-instance" xsi:noNamespaceSchemaLocation="https://maven.apache.org/surefire/maven-surefire-plugin/xsd/surefire-test-report.xsd" version="3.0.2" name="MakeMyTrip.MakeMyTrip.MakeMyTripApplicationTests" time="8.503" tests="1" errors="0" skipped="0" failures="0">
  <properties>
[...]
</properties>
  <testcase name="contextLoads" classname="MakeMyTrip.MakeMyTrip.MakeMyTripApplicationTests" time="1.932">
    <system-out><![CDATA[19:09:51.500 [main] INFO org.springframework.test.context.support.AnnotationConfigContextLoaderUtils -- Could not detect default configuration classes for test class [MakeMyTrip.MakeMyTrip.MakeMyTripApplicationTests]: MakeMyTripApplicationTests does not declare any static, non-private, non-final, nested classes annotated with @Configuration.
19:09:51.817 [main] INFO org.springframework.boot.test.context.SpringBootTestContextBootstrapper -- Found @SpringBootConfiguration MakeMyTrip.MakeMyTrip.MakeMyTripApplication for test class MakeMyTrip.MakeMyTrip.MakeMyTripApplicationTests

  .   ____          _            __ _ _
 /\\ / ___'_ __ _ _(_)_ __  __ _ \ \ \ \
( ( )\___ | '_ | '_| | '_ \/ _` | \ \ \ \
 \\/  ___)| |_)| | | | | || (_| |  ) ) ) )
  '  |____| .__|_| |_|_| |_\__, | / / / /
 =========|_|==============|___/=/_/_/_/

 :: Spring Boot ::                (v3.4.8)

2025-09-07T19:09:53.050+05:30  INFO 17184 --- [MakeMyTrip] [           main] M.MakeMyTrip.MakeMyTripApplicationTests  : Starting MakeMyTripApplicationTests using Java 21.0.6 with PID 17184 (started by Admin in C:\Microservice\MakeMyTrip)
2025-09-07T19:09:53.054+05:30  INFO 17184 --- [MakeMyTrip] [           main] M.MakeMyTrip.MakeMyTripApplicationTests  : No active profile set, falling back to 1 default profile: "default"
2025-09-07T19:09:57.258+05:30  INFO 17184 --- [MakeMyTrip] [           main] o.s.b.a.e.web.EndpointLinksResolver      : Exposing 1 endpoint beneath base path '/actuator'
2025-09-07T19:09:57.414+05:30  INFO 17184 --- [MakeMyTrip] [           main] M.MakeMyTrip.MakeMyTripApplicationTests  : Started MakeMyTripApplicationTests in 5.084 seconds (process running for 7.688)
]]></system-out>
    <system-err><![CDATA[Mockito is currently self-attaching to enable the inline-mock-maker. This will no longer work in future releases of the JDK. Please add Mockito as an agent to your build what is described in Mockito's documentation: https://javadoc.io/doc/org.mockito/mockito-core/latest/org/mockito/Mockito.html#0.3
WARNING: A Java agent has been loaded dynamically (C:\Users\Admin\.m2\repository\net\bytebuddy\byte-buddy-agent\1.15.11\byte-buddy-agent-1.15.11.jar)
WARNING: If a serviceability tool is in use, please run with -XX:+EnableDynamicAgentLoading to hide this warning
WARNING: If a serviceability tool is not in use, please run with -Djdk.instrument.traceUsage for more information
WARNING: Dynamic loading of agents will be disallowed by default in a future release
]]></system-err>
  </testcase>
</testsuite>